
             |                                  Grades                                 | Weighted Total | Grade |
________________________________________________________________________________________________________________
 Student     |         Exams      Quizzess          Labs      Projects     Homeworks   |                |       |
_________________________________________________________________________________________________________________
 Student 1   |           100            99           100            95            97   |      98.64     |   A   |
 Student 2   |           100            98           100            95            88   |       98.0     |   A   |
 Student 3   |           100           100           100            95           100   |       99.0     |   A   |
 Student 4   |            91            87            93            95            98   |      91.75     |   A   |
 Student 5   |            91            87            93            95            98   |      91.75     |   A   |
 Student 6   |            90            89            93            93            92   |       91.1     |   A   |
 Student 7   |            90            89            94            93            92   |      91.29     |   A   |
 Student 8   |            92            89            93            90            92   |      91.19     |   A   |
 Student 9   |            82            89            93            90            92   |      87.69     |   B   |
 Student 10  |            87            89            86            88            98   |      87.95     |   B   |
 Student 11  |            85            89            93            90            92   |      88.75     |   B   |
 Student 12  |            84            89            93            90            92   |       88.4     |   B   |
 Student 13  |            81            83            83            88            98   |      84.05     |   B   |
 Student 14  |            83            82            86            88            88   |      84.65     |   B   |
 Student 15  |            80            82            81            83            84   |      81.40     |   B   |
 Student 16  |            79            80            76            83            87   |       79.8     |   C   |
 Student 17  |            75            58            50            70            81   |       65.9     |   D   |
 Student 18  |            78            70            75            70            81   |      74.35     |   C   |
 Student 19  |            60            60            65            70            70   |       63.5     |   D   |
 Student 20  |            50            58            50            70            81   |      57.15     |   F   |
_________________________________________________________________________________________________________________
 Average     |          83.9         83.35         84.85         86.55         90.05   |                |       |
_________________________________________________________________________________________________________________
 Median      |         84.50         88.00         93.00         90.00         92.00   |                |       |
_________________________________________________________________________________________________________________

     Course  |       A's     |       B's     |C's     |       D's     |       F's     |
_________________________________________________________________________________________________________________
     C       |        8      |        7      |        2      |        2      |        1      |
